\BOOKMARK [1][-]{section.1}{\376\377\000I\000n\000t\000r\000o\000d\000u\000c\000t\000i\000o\000n}{}% 1
\BOOKMARK [1][-]{section.2}{\376\377\000C\000o\000n\000c\000e\000p\000t\000u\000a\000l\000\040\000D\000e\000s\000i\000g\000n}{}% 2
\BOOKMARK [2][-]{subsection.2.1}{\376\377\000D\000a\000t\000a\000\040\000S\000t\000o\000r\000a\000g\000e}{section.2}% 3
\BOOKMARK [2][-]{subsection.2.2}{\376\377\000R\000o\000u\000t\000e\000s}{section.2}% 4
\BOOKMARK [3][-]{subsubsection.2.2.1}{\376\377\000L\000o\000g\000i\000n\000-\000P\000a\000g\000e}{subsection.2.2}% 5
\BOOKMARK [3][-]{subsubsection.2.2.2}{\376\377\000U\000s\000e\000r\000-\000P\000a\000g\000e}{subsection.2.2}% 6
\BOOKMARK [3][-]{subsubsection.2.2.3}{\376\377\000R\000o\000o\000m\000-\000P\000a\000g\000e}{subsection.2.2}% 7
\BOOKMARK [3][-]{subsubsection.2.2.4}{\376\377\000C\000r\000e\000a\000t\000e\000-\000R\000o\000o\000m\000-\000P\000a\000g\000e}{subsection.2.2}% 8
\BOOKMARK [3][-]{subsubsection.2.2.5}{\376\377\000A\000d\000m\000i\000n\000-\000P\000a\000g\000e}{subsection.2.2}% 9
\BOOKMARK [2][-]{subsection.2.3}{\376\377\000A\000u\000t\000h\000e\000n\000t\000i\000c\000a\000t\000i\000o\000n}{section.2}% 10
\BOOKMARK [1][-]{section.3}{\376\377\000I\000m\000p\000l\000e\000m\000e\000n\000t\000a\000t\000i\000o\000n}{}% 11
\BOOKMARK [2][-]{subsection.3.1}{\376\377\000M\000o\000d\000e\000l\000s}{section.3}% 12
\BOOKMARK [2][-]{subsection.3.2}{\376\377\000O\000b\000j\000e\000c\000t\000\040\000S\000t\000o\000r\000e\000s}{section.3}% 13
\BOOKMARK [2][-]{subsection.3.3}{\376\377\000S\000e\000r\000v\000l\000e\000t\000s}{section.3}% 14
\BOOKMARK [3][-]{subsubsection.3.3.1}{\376\377\000A\000u\000t\000h\000e\000n\000t\000i\000c\000a\000t\000i\000o\000n}{subsection.3.3}% 15
\BOOKMARK [3][-]{subsubsection.3.3.2}{\376\377\000L\000o\000g\000i\000n}{subsection.3.3}% 16
\BOOKMARK [3][-]{subsubsection.3.3.3}{\376\377\000U\000s\000e\000r}{subsection.3.3}% 17
\BOOKMARK [3][-]{subsubsection.3.3.4}{\376\377\000C\000r\000e\000a\000t\000e\000\040\000R\000o\000o\000m}{subsection.3.3}% 18
\BOOKMARK [3][-]{subsubsection.3.3.5}{\376\377\000R\000o\000o\000m}{subsection.3.3}% 19
\BOOKMARK [3][-]{subsubsection.3.3.6}{\376\377\000A\000d\000m\000i\000n}{subsection.3.3}% 20
\BOOKMARK [2][-]{subsection.3.4}{\376\377\000B\000a\000n\000n\000e\000r}{section.3}% 21
\BOOKMARK [2][-]{subsection.3.5}{\376\377\000F\000i\000l\000t\000e\000r\000s}{section.3}% 22
\BOOKMARK [3][-]{subsubsection.3.5.1}{\376\377\000A\000u\000t\000h\000e\000n\000t\000i\000c\000a\000t\000i\000o\000n}{subsection.3.5}% 23
\BOOKMARK [3][-]{subsubsection.3.5.2}{\376\377\000A\000d\000m\000i\000n}{subsection.3.5}% 24
