\BOOKMARK [1][-]{section.1}{Introduction}{}% 1
\BOOKMARK [1][-]{section.2}{Implementation}{}% 2
\BOOKMARK [2][-]{subsection.2.1}{Database}{section.2}% 3
\BOOKMARK [3][-]{subsubsection.2.1.1}{Entities}{subsection.2.1}% 4
\BOOKMARK [3][-]{subsubsection.2.1.2}{Structure}{subsection.2.1}% 5
\BOOKMARK [3][-]{subsubsection.2.1.3}{Database Routine}{subsection.2.1}% 6
\BOOKMARK [2][-]{subsection.2.2}{Enterprise Java Beans}{section.2}% 7
\BOOKMARK [3][-]{subsubsection.2.2.1}{LocalDatabaseBean}{subsection.2.2}% 8
\BOOKMARK [3][-]{subsubsection.2.2.2}{AccommodationService}{subsection.2.2}% 9
\BOOKMARK [3][-]{subsubsection.2.2.3}{ReservationService}{subsection.2.2}% 10
\BOOKMARK [3][-]{subsubsection.2.2.4}{Build Process}{subsection.2.2}% 11
\BOOKMARK [2][-]{subsection.2.3}{Web Application}{section.2}% 12
\BOOKMARK [3][-]{subsubsection.2.3.1}{Search}{subsection.2.3}% 13
\BOOKMARK [3][-]{subsubsection.2.3.2}{Results}{subsection.2.3}% 14
\BOOKMARK [3][-]{subsubsection.2.3.3}{Reservation Summary}{subsection.2.3}% 15
\BOOKMARK [3][-]{subsubsection.2.3.4}{Reservation Confirm}{subsection.2.3}% 16
\BOOKMARK [3][-]{subsubsection.2.3.5}{My Reservations}{subsection.2.3}% 17
\BOOKMARK [1][-]{section.3}{Deployment}{}% 18
\BOOKMARK [2][-]{subsection.3.1}{Creating the Database}{section.3}% 19
\BOOKMARK [2][-]{subsection.3.2}{Seeding the Database}{section.3}% 20
\BOOKMARK [3][-]{subsubsection.3.2.1}{Set up the DatabaseRoutine application}{subsection.3.2}% 21
\BOOKMARK [3][-]{subsubsection.3.2.2}{Execute the DatabaseRoutine application}{subsection.3.2}% 22
\BOOKMARK [2][-]{subsection.3.3}{Setting up Wildfly}{section.3}% 23
\BOOKMARK [3][-]{subsubsection.3.3.1}{Add H2 database datasource}{subsection.3.3}% 24
\BOOKMARK [3][-]{subsubsection.3.3.2}{Compile EJB Jar}{subsection.3.3}% 25
\BOOKMARK [3][-]{subsubsection.3.3.3}{EJB Jar Deployment}{subsection.3.3}% 26
\BOOKMARK [3][-]{subsubsection.3.3.4}{Start Wildfly Application Server}{subsection.3.3}% 27
\BOOKMARK [2][-]{subsection.3.4}{Starting the Web Application}{section.3}% 28
\BOOKMARK [3][-]{subsubsection.3.4.1}{Build Artifact}{subsection.3.4}% 29
\BOOKMARK [3][-]{subsubsection.3.4.2}{Deploy Artifact}{subsection.3.4}% 30
\BOOKMARK [3][-]{subsubsection.3.4.3}{Configure Port}{subsection.3.4}% 31
\BOOKMARK [3][-]{subsubsection.3.4.4}{Start Server}{subsection.3.4}% 32
\BOOKMARK [1][-]{section.4}{Comments and Notes}{}% 33
\BOOKMARK [2][-]{subsection.4.1}{Routing}{section.4}% 34
\BOOKMARK [2][-]{subsection.4.2}{Building the Angular Application}{section.4}% 35
