\BOOKMARK [1][-]{section.1}{\376\377\000P\000a\000r\000t\000\040\0001}{}% 1
\BOOKMARK [2][-]{subsection.1.1}{\376\377\000I\000n\000t\000r\000o\000d\000u\000c\000t\000i\000o\000n}{section.1}% 2
\BOOKMARK [2][-]{subsection.1.2}{\376\377\000C\000o\000n\000c\000e\000p\000t\000u\000a\000l\000\040\000D\000e\000s\000i\000g\000n}{section.1}% 3
\BOOKMARK [3][-]{subsubsection.1.2.1}{\376\377\000S\000t\000r\000i\000n\000g\000R\000e\000v\000e\000r\000s\000e\000r}{subsection.1.2}% 4
\BOOKMARK [3][-]{subsubsection.1.2.2}{\376\377\000T\000i\000n\000y\000H\000t\000t\000p\000d}{subsection.1.2}% 5
\BOOKMARK [2][-]{subsection.1.3}{\376\377\000I\000m\000p\000l\000e\000m\000e\000n\000t\000a\000t\000i\000o\000n}{section.1}% 6
\BOOKMARK [3][-]{subsubsection.1.3.1}{\376\377\000S\000t\000r\000i\000n\000g\000R\000e\000v\000e\000r\000s\000e\000r}{subsection.1.3}% 7
\BOOKMARK [3][-]{subsubsection.1.3.2}{\376\377\000T\000i\000n\000y\000H\000t\000t\000p\000d}{subsection.1.3}% 8
\BOOKMARK [2][-]{subsection.1.4}{\376\377\000C\000o\000n\000c\000l\000u\000s\000i\000o\000n}{section.1}% 9
\BOOKMARK [1][-]{section.2}{\376\377\000P\000a\000r\000t\000\040\0002}{}% 10
\BOOKMARK [2][-]{subsection.2.1}{\376\377\000I\000n\000t\000r\000o\000d\000u\000c\000t\000i\000o\000n}{section.2}% 11
\BOOKMARK [2][-]{subsection.2.2}{\376\377\000C\000o\000n\000c\000e\000p\000t\000u\000a\000l\000\040\000D\000e\000s\000i\000g\000n}{section.2}% 12
\BOOKMARK [2][-]{subsection.2.3}{\376\377\000I\000m\000p\000l\000e\000m\000e\000n\000t\000a\000t\000i\000o\000n}{section.2}% 13
\BOOKMARK [2][-]{subsection.2.4}{\376\377\000C\000o\000n\000c\000l\000u\000s\000i\000o\000n}{section.2}% 14
\BOOKMARK [1][-]{appendix.A}{\376\377\000P\000a\000r\000t\000\040\0001}{}% 15
\BOOKMARK [2][-]{subsection.A.1}{\376\377\000I\000m\000p\000l\000e\000m\000e\000n\000t\000a\000t\000i\000o\000n}{appendix.A}% 16
\BOOKMARK [3][-]{subsubsection.A.1.1}{\376\377\000S\000t\000r\000i\000n\000g\000R\000e\000v\000e\000r\000s\000e\000r}{subsection.A.1}% 17
\BOOKMARK [3][-]{subsubsection.A.1.2}{\376\377\000T\000i\000n\000y\000H\000t\000t\000p\000d}{subsection.A.1}% 18
\BOOKMARK [1][-]{appendix.B}{\376\377\000P\000a\000r\000t\000\040\0002}{}% 19
\BOOKMARK [2][-]{subsection.B.1}{\376\377\000I\000m\000p\000l\000e\000m\000e\000n\000t\000a\000t\000i\000o\000n}{appendix.B}% 20
