This is pdfTeX, Version 3.141592653-2.6-1.40.22 (TeX Live 2021) (preloaded format=pdflatex 2021.5.6)  3 OCT 2021 19:03
entering extended mode
 restricted \write18 enabled.
 %&-line parsing enabled.
**Report.tex
(./Report.tex
LaTeX2e <2020-10-01> patch level 4
L3 programming layer <2021-02-18>
(/usr/local/texlive/2021/texmf-dist/tex/latex/base/article.cls
Document Class: article 2020/04/10 v1.4m Standard LaTeX document class
(/usr/local/texlive/2021/texmf-dist/tex/latex/base/size10.clo
File: size10.clo 2020/04/10 v1.4m Standard LaTeX file (size option)
)
\c@part=\count179
\c@section=\count180
\c@subsection=\count181
\c@subsubsection=\count182
\c@paragraph=\count183
\c@subparagraph=\count184
\c@figure=\count185
\c@table=\count186
\abovecaptionskip=\skip47
\belowcaptionskip=\skip48
\bibindent=\dimen138
)
(/usr/local/texlive/2021/texmf-dist/tex/latex/graphics/graphicx.sty
Package: graphicx 2020/09/09 v1.2b Enhanced LaTeX Graphics (DPC,SPQR)

(/usr/local/texlive/2021/texmf-dist/tex/latex/graphics/keyval.sty
Package: keyval 2014/10/28 v1.15 key=value parser (DPC)
\KV@toks@=\toks15
)
(/usr/local/texlive/2021/texmf-dist/tex/latex/graphics/graphics.sty
Package: graphics 2020/08/30 v1.4c Standard LaTeX Graphics (DPC,SPQR)

(/usr/local/texlive/2021/texmf-dist/tex/latex/graphics/trig.sty
Package: trig 2016/01/03 v1.10 sin cos tan (DPC)
)
(/usr/local/texlive/2021/texmf-dist/tex/latex/graphics-cfg/graphics.cfg
File: graphics.cfg 2016/06/04 v1.11 sample graphics configuration
)
Package graphics Info: Driver file: pdftex.def on input line 105.

(/usr/local/texlive/2021/texmf-dist/tex/latex/graphics-def/pdftex.def
File: pdftex.def 2020/10/05 v1.2a Graphics/color driver for pdftex
))
\Gin@req@height=\dimen139
\Gin@req@width=\dimen140
)
(/usr/local/texlive/2021/texmf-dist/tex/latex/float/float.sty
Package: float 2001/11/08 v1.3d Float enhancements (AL)
\c@float@type=\count187
\float@exts=\toks16
\float@box=\box47
\@float@everytoks=\toks17
\@floatcapt=\box48
)
(/usr/local/texlive/2021/texmf-dist/tex/latex/hyperref/hyperref.sty
Package: hyperref 2021-02-27 v7.00k Hypertext links for LaTeX

(/usr/local/texlive/2021/texmf-dist/tex/generic/ltxcmds/ltxcmds.sty
Package: ltxcmds 2020-05-10 v1.25 LaTeX kernel commands for general use (HO)
)
(/usr/local/texlive/2021/texmf-dist/tex/generic/iftex/iftex.sty
Package: iftex 2020/03/06 v1.0d TeX engine tests
)
(/usr/local/texlive/2021/texmf-dist/tex/generic/pdftexcmds/pdftexcmds.sty
Package: pdftexcmds 2020-06-27 v0.33 Utility functions of pdfTeX for LuaTeX (HO
)

(/usr/local/texlive/2021/texmf-dist/tex/generic/infwarerr/infwarerr.sty
Package: infwarerr 2019/12/03 v1.5 Providing info/warning/error messages (HO)
)
Package pdftexcmds Info: \pdf@primitive is available.
Package pdftexcmds Info: \pdf@ifprimitive is available.
Package pdftexcmds Info: \pdfdraftmode found.
)
(/usr/local/texlive/2021/texmf-dist/tex/generic/kvsetkeys/kvsetkeys.sty
Package: kvsetkeys 2019/12/15 v1.18 Key value parser (HO)
)
(/usr/local/texlive/2021/texmf-dist/tex/generic/kvdefinekeys/kvdefinekeys.sty
Package: kvdefinekeys 2019-12-19 v1.6 Define keys (HO)
)
(/usr/local/texlive/2021/texmf-dist/tex/generic/pdfescape/pdfescape.sty
Package: pdfescape 2019/12/09 v1.15 Implements pdfTeX's escape features (HO)
)
(/usr/local/texlive/2021/texmf-dist/tex/latex/hycolor/hycolor.sty
Package: hycolor 2020-01-27 v1.10 Color options for hyperref/bookmark (HO)
)
(/usr/local/texlive/2021/texmf-dist/tex/latex/letltxmacro/letltxmacro.sty
Package: letltxmacro 2019/12/03 v1.6 Let assignment for LaTeX macros (HO)
)
(/usr/local/texlive/2021/texmf-dist/tex/latex/auxhook/auxhook.sty
Package: auxhook 2019-12-17 v1.6 Hooks for auxiliary files (HO)
)
(/usr/local/texlive/2021/texmf-dist/tex/latex/kvoptions/kvoptions.sty
Package: kvoptions 2020-10-07 v3.14 Key value format for package options (HO)
)
\@linkdim=\dimen141
\Hy@linkcounter=\count188
\Hy@pagecounter=\count189

(/usr/local/texlive/2021/texmf-dist/tex/latex/hyperref/pd1enc.def
File: pd1enc.def 2021-02-27 v7.00k Hyperref: PDFDocEncoding definition (HO)
Now handling font encoding PD1 ...
... no UTF-8 mapping file for font encoding PD1
)
(/usr/local/texlive/2021/texmf-dist/tex/latex/hyperref/hyperref-langpatches.def
File: hyperref-langpatches.def 2021-02-27 v7.00k Hyperref: patches for babel la
nguages
) (/usr/local/texlive/2021/texmf-dist/tex/generic/intcalc/intcalc.sty
Package: intcalc 2019/12/15 v1.3 Expandable calculations with integers (HO)
)
(/usr/local/texlive/2021/texmf-dist/tex/generic/etexcmds/etexcmds.sty
Package: etexcmds 2019/12/15 v1.7 Avoid name clashes with e-TeX commands (HO)
)
\Hy@SavedSpaceFactor=\count190

(/usr/local/texlive/2021/texmf-dist/tex/latex/hyperref/puenc.def
File: puenc.def 2021-02-27 v7.00k Hyperref: PDF Unicode definition (HO)
Now handling font encoding PU ...
... no UTF-8 mapping file for font encoding PU
)
Package hyperref Info: Hyper figures OFF on input line 4192.
Package hyperref Info: Link nesting OFF on input line 4197.
Package hyperref Info: Hyper index ON on input line 4200.
Package hyperref Info: Plain pages OFF on input line 4207.
Package hyperref Info: Backreferencing OFF on input line 4212.
Package hyperref Info: Implicit mode ON; LaTeX internals redefined.
Package hyperref Info: Bookmarks ON on input line 4445.
\c@Hy@tempcnt=\count191

(/usr/local/texlive/2021/texmf-dist/tex/latex/url/url.sty
\Urlmuskip=\muskip16
Package: url 2013/09/16  ver 3.4  Verb mode for urls, etc.
)
LaTeX Info: Redefining \url on input line 4804.
\XeTeXLinkMargin=\dimen142

(/usr/local/texlive/2021/texmf-dist/tex/generic/bitset/bitset.sty
Package: bitset 2019/12/09 v1.3 Handle bit-vector datatype (HO)

(/usr/local/texlive/2021/texmf-dist/tex/generic/bigintcalc/bigintcalc.sty
Package: bigintcalc 2019/12/15 v1.5 Expandable calculations on big integers (HO
)
))
\Fld@menulength=\count192
\Field@Width=\dimen143
\Fld@charsize=\dimen144
Package hyperref Info: Hyper figures OFF on input line 6075.
Package hyperref Info: Link nesting OFF on input line 6080.
Package hyperref Info: Hyper index ON on input line 6083.
Package hyperref Info: backreferencing OFF on input line 6090.
Package hyperref Info: Link coloring OFF on input line 6095.
Package hyperref Info: Link coloring with OCG OFF on input line 6100.
Package hyperref Info: PDF/A mode OFF on input line 6105.
LaTeX Info: Redefining \ref on input line 6145.
LaTeX Info: Redefining \pageref on input line 6149.

(/usr/local/texlive/2021/texmf-dist/tex/latex/base/atbegshi-ltx.sty
Package: atbegshi-ltx 2020/08/17 v1.0a Emulation of the original atbegshi packa
ge
with kernel methods
)
\Hy@abspage=\count193
\c@Item=\count194
\c@Hfootnote=\count195
)
Package hyperref Info: Driver (autodetected): hpdftex.

(/usr/local/texlive/2021/texmf-dist/tex/latex/hyperref/hpdftex.def
File: hpdftex.def 2021-02-27 v7.00k Hyperref driver for pdfTeX

(/usr/local/texlive/2021/texmf-dist/tex/latex/base/atveryend-ltx.sty
Package: atveryend-ltx 2020/08/19 v1.0a Emulation of the original atvery packag
e
with kernel methods
)
\Fld@listcount=\count196
\c@bookmark@seq@number=\count197

(/usr/local/texlive/2021/texmf-dist/tex/latex/rerunfilecheck/rerunfilecheck.sty
Package: rerunfilecheck 2019/12/05 v1.9 Rerun checks for auxiliary files (HO)

(/usr/local/texlive/2021/texmf-dist/tex/generic/uniquecounter/uniquecounter.sty
Package: uniquecounter 2019/12/15 v1.4 Provide unlimited unique counter (HO)
)
Package uniquecounter Info: New unique counter `rerunfilecheck' on input line 2
86.
)
\Hy@SectionHShift=\skip49
) (/usr/local/texlive/2021/texmf-dist/tex/latex/listings/listings.sty
\lst@mode=\count198
\lst@gtempboxa=\box49
\lst@token=\toks18
\lst@length=\count199
\lst@currlwidth=\dimen145
\lst@column=\count266
\lst@pos=\count267
\lst@lostspace=\dimen146
\lst@width=\dimen147
\lst@newlines=\count268
\lst@lineno=\count269
\lst@maxwidth=\dimen148

(/usr/local/texlive/2021/texmf-dist/tex/latex/listings/lstmisc.sty
File: lstmisc.sty 2020/03/24 1.8d (Carsten Heinz)
\c@lstnumber=\count270
\lst@skipnumbers=\count271
\lst@framebox=\box50
)
(/usr/local/texlive/2021/texmf-dist/tex/latex/listings/listings.cfg
File: listings.cfg 2020/03/24 1.8d listings configuration
))
Package: listings 2020/03/24 1.8d (Carsten Heinz)

(/usr/local/texlive/2021/texmf-dist/tex/latex/l3backend/l3backend-pdftex.def
File: l3backend-pdftex.def 2021-03-18 L3 backend support: PDF output (pdfTeX)
\l__color_backend_stack_int=\count272
\l__pdf_internal_box=\box51
)
(./Report.aux)
\openout1 = `Report.aux'.

LaTeX Font Info:    Checking defaults for OML/cmm/m/it on input line 50.
LaTeX Font Info:    ... okay on input line 50.
LaTeX Font Info:    Checking defaults for OMS/cmsy/m/n on input line 50.
LaTeX Font Info:    ... okay on input line 50.
LaTeX Font Info:    Checking defaults for OT1/cmr/m/n on input line 50.
LaTeX Font Info:    ... okay on input line 50.
LaTeX Font Info:    Checking defaults for T1/cmr/m/n on input line 50.
LaTeX Font Info:    ... okay on input line 50.
LaTeX Font Info:    Checking defaults for TS1/cmr/m/n on input line 50.
LaTeX Font Info:    ... okay on input line 50.
LaTeX Font Info:    Checking defaults for OMX/cmex/m/n on input line 50.
LaTeX Font Info:    ... okay on input line 50.
LaTeX Font Info:    Checking defaults for U/cmr/m/n on input line 50.
LaTeX Font Info:    ... okay on input line 50.
LaTeX Font Info:    Checking defaults for PD1/pdf/m/n on input line 50.
LaTeX Font Info:    ... okay on input line 50.
LaTeX Font Info:    Checking defaults for PU/pdf/m/n on input line 50.
LaTeX Font Info:    ... okay on input line 50.

(/usr/local/texlive/2021/texmf-dist/tex/context/base/mkii/supp-pdf.mkii
[Loading MPS to PDF converter (version 2006.09.02).]
\scratchcounter=\count273
\scratchdimen=\dimen149
\scratchbox=\box52
\nofMPsegments=\count274
\nofMParguments=\count275
\everyMPshowfont=\toks19
\MPscratchCnt=\count276
\MPscratchDim=\dimen150
\MPnumerator=\count277
\makeMPintoPDFobject=\count278
\everyMPtoPDFconversion=\toks20
) (/usr/local/texlive/2021/texmf-dist/tex/latex/epstopdf-pkg/epstopdf-base.sty
Package: epstopdf-base 2020-01-24 v2.11 Base part for package epstopdf
Package epstopdf-base Info: Redefining graphics rule for `.eps' on input line 4
85.

(/usr/local/texlive/2021/texmf-dist/tex/latex/latexconfig/epstopdf-sys.cfg
File: epstopdf-sys.cfg 2010/07/13 v1.3 Configuration of (r)epstopdf for TeX Liv
e
))
Package hyperref Info: Link coloring OFF on input line 50.

(/usr/local/texlive/2021/texmf-dist/tex/latex/hyperref/nameref.sty
Package: nameref 2021-04-02 v2.47 Cross-referencing by name of section

(/usr/local/texlive/2021/texmf-dist/tex/latex/refcount/refcount.sty
Package: refcount 2019/12/15 v3.6 Data extraction from label references (HO)
)
(/usr/local/texlive/2021/texmf-dist/tex/generic/gettitlestring/gettitlestring.s
ty
Package: gettitlestring 2019/12/15 v1.6 Cleanup title references (HO)
)
\c@section@level=\count279
)
LaTeX Info: Redefining \ref on input line 50.
LaTeX Info: Redefining \pageref on input line 50.
LaTeX Info: Redefining \nameref on input line 50.
 (./Report.out) (./Report.out)
\@outlinefile=\write3
\openout3 = `Report.out'.

\c@lstlisting=\count280
LaTeX Font Info:    External font `cmex10' loaded for size
(Font)              <12> on input line 54.
LaTeX Font Info:    External font `cmex10' loaded for size
(Font)              <8> on input line 54.
LaTeX Font Info:    External font `cmex10' loaded for size
(Font)              <6> on input line 54.

Overfull \hbox (114.99701pt too wide) in paragraph at lines 69--70
\OT1/cmr/m/n/10 There-fore, the client sends a re-quest via the URL \OT1/cmtt/m
/n/10 http://localhost:8000/process/reverse?par1=ROMA\OT1/cmr/m/n/10 .
 []


Overfull \hbox (137.11188pt too wide) in paragraph at lines 76--77
\OT1/cmr/m/n/10 re-quested by client via the URL \OT1/cmtt/m/n/10 http://localh
ost:8000/process/PROCESS[]NAME?PROCESS[]PARAMETERS\OT1/cmr/m/n/10 . 
 []

[1

{/usr/local/texlive/2021/texmf-var/fonts/map/pdftex/updmap/pdftex.map}]
LaTeX Font Info:    Trying to load font information for TS1+cmtt on input line 
85.

(/usr/local/texlive/2021/texmf-dist/tex/latex/base/ts1cmtt.fd
File: ts1cmtt.fd 2019/12/16 v2.5j Standard LaTeX font definitions
)
Overfull \hbox (187.47305pt too wide) in paragraph at lines 89--94
\OT1/cmr/m/n/10 Whenever the client makes a re-quest via the URL \OT1/cmtt/m/n/
10 http://localhost:8000/process/PROCESS[]NAME?PROCESS[]PARAMETERS\OT1/cmr/m/n/
10 ,
 []

LaTeX Font Info:    External font `cmex10' loaded for size
(Font)              <7> on input line 96.
LaTeX Font Info:    External font `cmex10' loaded for size
(Font)              <5> on input line 96.

Underfull \hbox (badness 10000) in paragraph at lines 106--106
[][][]\OT1/cmr/m/n/8 StringBuilder - []$\OT1/cmtt/m/n/8 https : / / docs . orac
le . com / javase / 7 / docs / api / java / lang /
 []

<images/StringReverserStrct.png, id=107, 311.1625pt x 240.9pt>
File: images/StringReverserStrct.png Graphic file (type png)
<use images/StringReverserStrct.png>
Package pdftex.def Info: images/StringReverserStrct.png  used on input line 111
.
(pdftex.def)             Requested size: 124.46278pt x 96.35828pt.
[2]
Underfull \hbox (badness 10000) in paragraph at lines 117--117
[][][]\OT1/cmr/m/n/8 Create your first Java ap-pli-ca-tion - []$\OT1/cmtt/m/n/8
 https : / / www . jetbrains . com / help / idea /
 []


Overfull \hbox (24.65152pt too wide) in paragraph at lines 117--120
\OT1/cmr/m/n/10 ti-fact was cre-ated us-ing the In-tel-liJ IDEA[][][]. If the i
n-put is in-valid, the \OT1/cmtt/m/n/10 StringReverser
 []

<images/StringReverserExec.png, id=127, 974.64125pt x 87.32625pt>
File: images/StringReverserExec.png Graphic file (type png)
<use images/StringReverserExec.png>
Package pdftex.def Info: images/StringReverserExec.png  used on input line 124.

(pdftex.def)             Requested size: 389.8496pt x 34.92987pt.

Overfull \hbox (44.8496pt too wide) in paragraph at lines 124--125
 [][] 
 []

<images/StringReverserExecFail.png, id=128, 974.64125pt x 86.3225pt>
File: images/StringReverserExecFail.png Graphic file (type png)
<use images/StringReverserExecFail.png>
Package pdftex.def Info: images/StringReverserExecFail.png  used on input line 
132.
(pdftex.def)             Requested size: 389.8496pt x 34.52837pt.

Overfull \hbox (44.8496pt too wide) in paragraph at lines 132--133
 [][] 
 []

[3 <./images/StringReverserStrct.png> <./images/StringReverserExec.png> <./imag
es/StringReverserExecFail.png>]
Overfull \hbox (11.93407pt too wide) in paragraph at lines 154--155
\OT1/cmr/m/n/10 quest into its parts. For ex-am-ple, the re-quest \OT1/cmtt/m/n
/10 GET /process/reverse?param=roma
 []


Overfull \hbox (64.74753pt too wide) in paragraph at lines 154--155
\OT1/cmtt/m/n/10 HTTP/1.1 \OT1/cmr/m/n/10 is com-posed of the HTTP method (\OT1
/cmtt/m/n/10 GET\OT1/cmr/m/n/10 ), the path (\OT1/cmtt/m/n/10 /process/reverse?
param=roma\OT1/cmr/m/n/10 ),
 []


Overfull \hbox (10.1852pt too wide) in paragraph at lines 154--155
\OT1/cmr/m/n/10 tional query at-tached (?param=roma). The im-ple-men-ta-tion of
 the \OT1/cmtt/m/n/10 RequestParser
 []

<images/TinyHttpdParsing.png, id=146, 1021.8175pt x 730.73pt>
File: images/TinyHttpdParsing.png Graphic file (type png)
<use images/TinyHttpdParsing.png>
Package pdftex.def Info: images/TinyHttpdParsing.png  used on input line 162.
(pdftex.def)             Requested size: 408.71976pt x 292.28682pt.

Overfull \hbox (63.71976pt too wide) in paragraph at lines 162--163
 [][] 
 []


LaTeX Warning: `h' float specifier changed to `ht'.


Overfull \hbox (115.52597pt too wide) in paragraph at lines 171--178
\OT1/cmtt/m/n/10 /Users/marcel/workspace/web-architectures/assignment[]1/MiniHT
TPD/jars/StringReverser.jar
 []


Underfull \hbox (badness 10000) in paragraph at lines 182--182
[][][]\OT1/cmr/m/n/8 ProcessBuilder - []$\OT1/cmtt/m/n/8 https : / / docs . ora
cle . com / javase / 7 / docs / api / java / lang /
 []

[4]
<images/implementationOutput.png, id=167, 1405.25pt x 87.32625pt>
File: images/implementationOutput.png Graphic file (type png)
<use images/implementationOutput.png>
Package pdftex.def Info: images/implementationOutput.png  used on input line 19
1.
(pdftex.def)             Requested size: 421.57826pt x 26.19807pt.

Overfull \hbox (76.57826pt too wide) in paragraph at lines 191--192
 [][] 
 []

[5 <./images/TinyHttpdParsing.png> <./images/implementationOutput.png>]
<images/wholeProcess.png, id=182, 878.28125pt x 347.2975pt>
File: images/wholeProcess.png Graphic file (type png)
<use images/wholeProcess.png>
Package pdftex.def Info: images/wholeProcess.png  used on input line 208.
(pdftex.def)             Requested size: 395.22292pt x 156.28242pt.

Overfull \hbox (50.22292pt too wide) in paragraph at lines 208--209
 [][] 
 []

<images/part1Success.png, id=183, 478.78876pt x 116.435pt>
File: images/part1Success.png Graphic file (type png)
<use images/part1Success.png>
Package pdftex.def Info: images/part1Success.png  used on input line 216.
(pdftex.def)             Requested size: 287.27547pt x 69.86153pt.
[6 <./images/wholeProcess.png> <./images/part1Success.png>]
Overfull \hbox (54.64066pt too wide) in paragraph at lines 253--256
\OT1/cmr/m/n/10 re-quest via the url \OT1/cmtt/m/n/10 http://localhost:80/cgi-b
in/run[]reverse[]process.sh?param=ROMA\OT1/cmr/m/n/10 .
 []

<images/part2Failure1.png, id=198, 458.71375pt x 120.45pt>
File: images/part2Failure1.png Graphic file (type png)
<use images/part2Failure1.png>
Package pdftex.def Info: images/part2Failure1.png  used on input line 279.
(pdftex.def)             Requested size: 275.23038pt x 72.27054pt.
[7 <./images/part2Failure1.png>]
<images/part2Failure2.png, id=212, 513.92pt x 120.45pt>
File: images/part2Failure2.png Graphic file (type png)
<use images/part2Failure2.png>
Package pdftex.def Info: images/part2Failure2.png  used on input line 290.
(pdftex.def)             Requested size: 308.35437pt x 72.27054pt.
<images/part2Success.png, id=214, 553.06625pt x 121.45375pt>
File: images/part2Success.png Graphic file (type png)
<use images/part2Success.png>
Package pdftex.def Info: images/part2Success.png  used on input line 301.
(pdftex.def)             Requested size: 331.8423pt x 72.87279pt.

No file Report.bbl.
[8 <./images/part2Failure2.png> <./images/part2Success.png>]
(/usr/local/texlive/2021/texmf-dist/tex/latex/listings/lstlang1.sty
File: lstlang1.sty 2020/03/24 1.8d listings language file
)
Package hyperref Info: bookmark level for unknown lstlisting defaults to 0 on i
nput line 326.
LaTeX Font Info:    Trying to load font information for OMS+cmr on input line 3
29.

(/usr/local/texlive/2021/texmf-dist/tex/latex/base/omscmr.fd
File: omscmr.fd 2019/12/16 v2.5j Standard LaTeX font definitions
)
LaTeX Font Info:    Font shape `OMS/cmr/m/n' in size <10> not available
(Font)              Font shape `OMS/cmsy/m/n' tried instead on input line 329.
LaTeX Font Info:    Trying to load font information for OML+cmr on input line 3
32.

(/usr/local/texlive/2021/texmf-dist/tex/latex/base/omlcmr.fd
File: omlcmr.fd 2019/12/16 v2.5j Standard LaTeX font definitions
)
LaTeX Font Info:    Font shape `OML/cmr/m/n' in size <10> not available
(Font)              Font shape `OML/cmm/m/it' tried instead on input line 332.

Overfull \hbox (15.00366pt too wide) in paragraph at lines 336--337
[][][][][][][][][][][][][][] 
 []


Overfull \hbox (57.00409pt too wide) in paragraph at lines 340--341
[][][][][][][][][][][][][][][][][][][][][][][][][] 
 []


Overfull \hbox (27.00378pt too wide) in paragraph at lines 352--353
[][][][][][][][][][][][][][][][] 
 []

[9]
Overfull \hbox (9.0036pt too wide) in paragraph at lines 382--383
[][][][][][][][][][][][][][][][][][] 
 []


Overfull \hbox (75.00427pt too wide) in paragraph at lines 389--390
[][][][][][][][][][][][][][][][][][] 
 []


Overfull \hbox (153.00507pt too wide) in paragraph at lines 391--392
[][][][][][][][][][][][][][][][][][][][][][][][][][][][][][][][][][] 
 []


Overfull \hbox (111.00464pt too wide) in paragraph at lines 400--402
[][][][][][][][][][][][][][][][][][][][][][][] 
 []

[10]
Overfull \hbox (219.00574pt too wide) in paragraph at lines 441--442
[][][][][][][][][][][][][][][][][][][][][][][][][][][] 
 []


Overfull \hbox (21.00372pt too wide) in paragraph at lines 443--444
[][][][][][][][][][] 
 []


Overfull \hbox (153.00507pt too wide) in paragraph at lines 445--446
[][][][][][][][][][][][][][][][][][][][][][][][][][][][][][][][] 
 []


Overfull \hbox (213.00568pt too wide) in paragraph at lines 449--450
[][][][][][][][][][][][][][][][][][][][][][] 
 []


Overfull \hbox (123.00476pt too wide) in paragraph at lines 450--451
[][][][][][][][][][][][][][][][][][][][][] 
 []


Overfull \hbox (285.00641pt too wide) in paragraph at lines 453--454
[][][][][][][][][][][][][][][][][][][][][][][][][][][][][][][][][][][] 
 []

[11]
Overfull \hbox (219.00574pt too wide) in paragraph at lines 460--461
[][][][][][][][][][][][][][][][][][][][][][][][][][][][][][][][] 
 []


Overfull \hbox (213.00568pt too wide) in paragraph at lines 461--463
[][][][][][][][][][][][][][][][][][][][][][][][][][][][][][][][][][][][][][][][
][][][][] 
 []


Overfull \hbox (279.00635pt too wide) in paragraph at lines 465--466
[][][][][][][][][][][][][][][][][][][][][][][][][][][][][][][][][][][][][][] 
 []


Overfull \hbox (33.00385pt too wide) in paragraph at lines 473--474
[][][][][][][][][][][][][][][][][][][] 
 []


Overfull \hbox (21.00372pt too wide) in paragraph at lines 480--482
[][][][][][][][][][][][] 
 []


Overfull \hbox (117.0047pt too wide) in paragraph at lines 492--493
[][][][][][][][][][][][][][][][][][][][] 
 []


Overfull \hbox (9.0036pt too wide) in paragraph at lines 494--495
[][][][][][][][][][][][][][][][][][][][][][][][][][][][][] 
 []

(/usr/local/texlive/2021/texmf-dist/tex/latex/listings/lstlang1.sty
File: lstlang1.sty 2020/03/24 1.8d listings language file
)
(/usr/local/texlive/2021/texmf-dist/tex/latex/listings/lstlang1.sty
File: lstlang1.sty 2020/03/24 1.8d listings language file
) [12]
Overfull \hbox (111.00464pt too wide) in paragraph at lines 533--535
[][][][][][][][][][][][][][][][][] 
 []

[13] (./Report.aux)
Package rerunfilecheck Info: File `Report.out' has not changed.
(rerunfilecheck)             Checksum: 4CF7A074416001055EB4FB4A663BB914;2312.
 ) 
Here is how much of TeX's memory you used:
 10103 strings out of 478994
 148335 string characters out of 5858185
 678112 words of memory out of 5000000
 27200 multiletter control sequences out of 15000+600000
 409983 words of font info for 49 fonts, out of 8000000 for 9000
 1141 hyphenation exceptions out of 8191
 71i,8n,74p,819b,1877s stack positions out of 5000i,500n,10000p,200000b,80000s
{/usr/local/texlive/2021/texmf-dist/fonts/enc/dvips/cm-super/cm-super-ts1.enc
}</usr/local/texlive/2021/texmf-dist/fonts/type1/public/amsfonts/cm/cmbx10.pfb>
</usr/local/texlive/2021/texmf-dist/fonts/type1/public/amsfonts/cm/cmbx12.pfb><
/usr/local/texlive/2021/texmf-dist/fonts/type1/public/amsfonts/cm/cmbx9.pfb></u
sr/local/texlive/2021/texmf-dist/fonts/type1/public/amsfonts/cm/cmmi10.pfb></us
r/local/texlive/2021/texmf-dist/fonts/type1/public/amsfonts/cm/cmr10.pfb></usr/
local/texlive/2021/texmf-dist/fonts/type1/public/amsfonts/cm/cmr12.pfb></usr/lo
cal/texlive/2021/texmf-dist/fonts/type1/public/amsfonts/cm/cmr17.pfb></usr/loca
l/texlive/2021/texmf-dist/fonts/type1/public/amsfonts/cm/cmr6.pfb></usr/local/t
exlive/2021/texmf-dist/fonts/type1/public/amsfonts/cm/cmr7.pfb></usr/local/texl
ive/2021/texmf-dist/fonts/type1/public/amsfonts/cm/cmr8.pfb></usr/local/texlive
/2021/texmf-dist/fonts/type1/public/amsfonts/cm/cmr9.pfb></usr/local/texlive/20
21/texmf-dist/fonts/type1/public/amsfonts/cm/cmsy10.pfb></usr/local/texlive/202
1/texmf-dist/fonts/type1/public/amsfonts/cm/cmti10.pfb></usr/local/texlive/2021
/texmf-dist/fonts/type1/public/amsfonts/cm/cmtt10.pfb></usr/local/texlive/2021/
texmf-dist/fonts/type1/public/amsfonts/cm/cmtt8.pfb></usr/local/texlive/2021/te
xmf-dist/fonts/type1/public/cm-super/sfrm1000.pfb></usr/local/texlive/2021/texm
f-dist/fonts/type1/public/cm-super/sfti1000.pfb></usr/local/texlive/2021/texmf-
dist/fonts/type1/public/cm-super/sftt1000.pfb>
Output written on Report.pdf (13 pages, 773221 bytes).
PDF statistics:
 561 PDF objects out of 1000 (max. 8388607)
 502 compressed objects within 6 object streams
 263 named destinations out of 1000 (max. 500000)
 211 words of extra memory for PDF output out of 10000 (max. 10000000)

